[2023-03-21T22:57:23.025] [DEBUG] cheese - login => username:zs,password:400
[2023-03-21T22:57:23.031] [DEBUG] cheese - zs
[2023-03-21T22:57:23.070] [DEBUG] cheese - null
[2023-03-21T22:57:23.071] [DEBUG] cheese - null
[2023-03-21T23:01:52.493] [DEBUG] cheese - login => username:admin,password:123456
[2023-03-21T23:01:52.493] [DEBUG] cheese - admin
[2023-03-21T23:01:52.513] [DEBUG] cheese - null
[2023-03-21T23:01:52.513] [DEBUG] cheese - null
[2023-03-22T08:52:13.588] [DEBUG] cheese - login => username:admin,password:123456
[2023-03-22T08:52:13.596] [DEBUG] cheese - admin
[2023-03-22T08:52:13.661] [DEBUG] cheese - null
[2023-03-22T08:52:13.663] [DEBUG] cheese - null
[2023-03-22T09:50:51.484] [DEBUG] cheese - login => username:admin,password:123456
[2023-03-22T09:50:51.497] [DEBUG] cheese - admin
[2023-03-22T09:50:51.671] [DEBUG] cheese - null
[2023-03-22T09:50:51.672] [DEBUG] cheese - null
[2023-03-22T09:50:54.233] [DEBUG] cheese - login => username:admin,password:123456
[2023-03-22T09:50:54.236] [DEBUG] cheese - admin
[2023-03-22T09:50:54.244] [DEBUG] cheese - null
[2023-03-22T09:50:54.244] [DEBUG] cheese - null
[2023-03-22T10:06:34.890] [DEBUG] cheese - login => username:admin,password:123456
[2023-03-22T10:06:34.892] [DEBUG] cheese - admin
[2023-03-22T10:06:34.908] [DEBUG] cheese - null
[2023-03-22T10:06:34.909] [DEBUG] cheese - null
[2023-03-22T18:40:00.639] [DEBUG] cheese - login => username:123456,password:123456
[2023-03-22T18:40:00.643] [DEBUG] cheese - 123456
[2023-03-22T18:40:00.697] [DEBUG] cheese - null
[2023-03-22T18:40:00.698] [DEBUG] cheese - null
[2023-03-22T18:40:36.607] [DEBUG] cheese - login => username:admin,password:123456
[2023-03-22T18:40:36.607] [DEBUG] cheese - admin
[2023-03-22T18:40:36.617] [DEBUG] cheese - null
[2023-03-22T18:40:36.617] [DEBUG] cheese - null
[2023-03-22T18:48:48.446] [DEBUG] cheese - login => username:admin,password:123456
[2023-03-22T18:48:48.447] [DEBUG] cheese - admin
[2023-03-22T18:48:48.461] [DEBUG] cheese - null
[2023-03-22T18:48:48.461] [DEBUG] cheese - null
[2023-03-22T18:48:54.231] [DEBUG] cheese - login => username:admin,password:123456
[2023-03-22T18:48:54.231] [DEBUG] cheese - admin
[2023-03-22T18:48:54.239] [DEBUG] cheese - null
[2023-03-22T18:48:54.240] [DEBUG] cheese - null
[2023-03-22T18:48:57.052] [DEBUG] cheese - login => username:admin   ,password:123456
[2023-03-22T18:48:57.052] [DEBUG] cheese - admin   
[2023-03-22T18:48:57.056] [DEBUG] cheese - null
[2023-03-22T18:48:57.056] [DEBUG] cheese - null
[2023-03-22T18:48:58.063] [DEBUG] cheese - login => username:admin   ,password:123456
[2023-03-22T18:48:58.063] [DEBUG] cheese - admin   
[2023-03-22T18:48:58.072] [DEBUG] cheese - null
[2023-03-22T18:48:58.072] [DEBUG] cheese - null
[2023-03-22T18:49:05.062] [DEBUG] cheese - login => username:123456,password:123456
[2023-03-22T18:49:05.062] [DEBUG] cheese - 123456
[2023-03-22T18:49:05.068] [DEBUG] cheese - null
[2023-03-22T18:49:05.069] [DEBUG] cheese - null
[2023-03-23T17:48:23.532] [DEBUG] cheese - login => username:123,password:123123
[2023-03-23T17:48:23.534] [DEBUG] cheese - 123
[2023-03-23T17:48:23.554] [DEBUG] cheese - null
[2023-03-23T17:48:23.556] [DEBUG] cheese - null
[2023-03-23T17:57:13.244] [DEBUG] cheese - login => username:admin,password:123456
[2023-03-23T17:57:13.244] [DEBUG] cheese - admin
[2023-03-23T17:57:13.252] [DEBUG] cheese - null
[2023-03-23T17:57:13.252] [DEBUG] cheese - null
[2023-03-23T17:57:14.725] [DEBUG] cheese - login => username:admin,password:123456
[2023-03-23T17:57:14.726] [DEBUG] cheese - admin
[2023-03-23T17:57:14.730] [DEBUG] cheese - null
[2023-03-23T17:57:14.730] [DEBUG] cheese - null
[2023-03-23T17:57:57.579] [DEBUG] cheese - login => username:admin,password:123456
[2023-03-23T17:57:57.579] [DEBUG] cheese - admin
[2023-03-23T17:57:57.582] [DEBUG] cheese - null
[2023-03-23T17:57:57.582] [DEBUG] cheese - null
[2023-03-23T17:58:03.827] [DEBUG] cheese - login => username:1231233,password:3123123
[2023-03-23T17:58:03.828] [DEBUG] cheese - 1231233
[2023-03-23T17:58:03.831] [DEBUG] cheese - null
[2023-03-23T17:58:03.831] [DEBUG] cheese - null
[2023-03-23T18:04:48.442] [DEBUG] cheese - login => username:123456,password:123456
[2023-03-23T18:04:48.443] [DEBUG] cheese - 123456
[2023-03-23T18:04:48.449] [DEBUG] cheese - null
[2023-03-23T18:04:48.449] [DEBUG] cheese - null
[2023-03-23T18:04:56.550] [DEBUG] cheese - login => username:admin,password:123456
[2023-03-23T18:04:56.551] [DEBUG] cheese - admin
[2023-03-23T18:04:56.554] [DEBUG] cheese - null
[2023-03-23T18:04:56.554] [DEBUG] cheese - null
[2023-03-23T18:05:53.433] [DEBUG] cheese - login => username:admin,password:123456
[2023-03-23T18:05:53.433] [DEBUG] cheese - admin
[2023-03-23T18:05:53.438] [DEBUG] cheese - null
[2023-03-23T18:05:53.438] [DEBUG] cheese - null
[2023-03-23T18:06:09.618] [DEBUG] cheese - login => username:admin,password:123456
[2023-03-23T18:06:09.618] [DEBUG] cheese - admin
[2023-03-23T18:06:09.620] [DEBUG] cheese - null
[2023-03-23T18:06:09.620] [DEBUG] cheese - null
[2023-03-23T18:07:06.064] [DEBUG] cheese - login => username:admin,password:123456
[2023-03-23T18:07:06.064] [DEBUG] cheese - admin
[2023-03-23T18:07:06.067] [DEBUG] cheese - null
[2023-03-23T18:07:06.068] [DEBUG] cheese - null
[2023-03-23T18:08:23.375] [DEBUG] cheese - login => username:admin,password:123456
[2023-03-23T18:08:23.375] [DEBUG] cheese - admin
[2023-03-23T18:08:23.378] [DEBUG] cheese - null
[2023-03-23T18:08:23.379] [DEBUG] cheese - null
[2023-03-23T18:29:26.710] [DEBUG] cheese - login => username:admin,password:123456
[2023-03-23T18:29:26.710] [DEBUG] cheese - admin
[2023-03-23T18:29:26.722] [DEBUG] cheese - null
[2023-03-23T18:29:26.722] [DEBUG] cheese - null
[2023-03-23T18:29:48.010] [DEBUG] cheese - login => username:admin,password:123456
[2023-03-23T18:29:48.010] [DEBUG] cheese - admin
[2023-03-23T18:29:48.015] [DEBUG] cheese - null
[2023-03-23T18:29:48.015] [DEBUG] cheese - null
[2023-03-23T18:30:44.510] [DEBUG] cheese - login => username:admin,password:123456
[2023-03-23T18:30:44.510] [DEBUG] cheese - admin
[2023-03-23T18:30:44.512] [DEBUG] cheese - null
[2023-03-23T18:30:44.512] [DEBUG] cheese - null
[2023-03-23T18:31:14.893] [DEBUG] cheese - login => username:admin,password:123456
[2023-03-23T18:31:14.893] [DEBUG] cheese - admin
[2023-03-23T18:31:14.897] [DEBUG] cheese - null
[2023-03-23T18:31:14.897] [DEBUG] cheese - null
[2023-03-23T18:32:12.718] [DEBUG] cheese - login => username:admin,password:123456
[2023-03-23T18:32:12.719] [DEBUG] cheese - admin
[2023-03-23T18:32:12.721] [DEBUG] cheese - null
[2023-03-23T18:32:12.721] [DEBUG] cheese - null
[2023-03-23T18:42:35.719] [DEBUG] cheese - login => username:admin,password:123456
[2023-03-23T18:42:35.719] [DEBUG] cheese - admin
[2023-03-23T18:42:35.728] [DEBUG] cheese - null
[2023-03-23T18:42:35.728] [DEBUG] cheese - null
[2023-03-23T18:42:58.605] [DEBUG] cheese - login => username:admin,password:123456
[2023-03-23T18:42:58.606] [DEBUG] cheese - admin
[2023-03-23T18:42:58.609] [DEBUG] cheese - null
[2023-03-23T18:42:58.609] [DEBUG] cheese - null
[2023-03-24T08:50:37.625] [DEBUG] cheese - login => username:admin,password:123456
[2023-03-24T08:50:37.626] [DEBUG] cheese - admin
[2023-03-24T08:50:37.651] [DEBUG] cheese - null
[2023-03-24T08:50:37.652] [DEBUG] cheese - null
[2023-03-24T10:02:47.674] [DEBUG] cheese - login => username:admin,password:123456
[2023-03-24T10:02:47.677] [DEBUG] cheese - admin
[2023-03-24T10:02:47.723] [DEBUG] cheese - null
[2023-03-24T10:02:47.723] [DEBUG] cheese - null
[2023-03-24T11:35:00.969] [DEBUG] cheese - login => username:admin,password:123456
[2023-03-24T11:35:00.974] [DEBUG] cheese - admin
[2023-03-24T11:35:01.017] [DEBUG] cheese - null
[2023-03-24T11:35:01.018] [DEBUG] cheese - null
[2023-03-24T11:35:43.731] [DEBUG] cheese - login => username:admin,password:123456
[2023-03-24T11:35:43.732] [DEBUG] cheese - admin
[2023-03-24T11:35:43.737] [DEBUG] cheese - null
[2023-03-24T11:35:43.738] [DEBUG] cheese - null
[2023-03-24T11:35:59.737] [DEBUG] cheese - login => username:admin,password:123456
[2023-03-24T11:35:59.737] [DEBUG] cheese - admin
[2023-03-24T11:35:59.742] [DEBUG] cheese - null
[2023-03-24T11:35:59.743] [DEBUG] cheese - null
[2023-03-24T11:39:20.048] [DEBUG] cheese - login => username:admin,password:123456
[2023-03-24T11:39:20.048] [DEBUG] cheese - admin
[2023-03-24T11:39:20.063] [DEBUG] cheese - null
[2023-03-24T11:39:20.063] [DEBUG] cheese - null
[2023-03-24T11:45:30.801] [DEBUG] cheese - login => username:admin,password:123456
[2023-03-24T11:45:30.802] [DEBUG] cheese - admin
[2023-03-24T11:45:30.831] [DEBUG] cheese - null
[2023-03-24T11:45:30.831] [DEBUG] cheese - null
[2023-03-24T11:46:41.709] [DEBUG] cheese - login => username:admin,password:123456
[2023-03-24T11:46:41.710] [DEBUG] cheese - admin
[2023-03-24T11:46:41.715] [DEBUG] cheese - null
[2023-03-24T11:46:41.715] [DEBUG] cheese - null
[2023-03-24T11:53:51.602] [DEBUG] cheese - login => username:admin,password:123456
[2023-03-24T11:53:51.602] [DEBUG] cheese - admin
[2023-03-24T11:53:51.616] [DEBUG] cheese - null
[2023-03-24T11:53:51.617] [DEBUG] cheese - null
[2023-03-24T11:54:38.294] [DEBUG] cheese - login => username:admin,password:123456
[2023-03-24T11:54:38.294] [DEBUG] cheese - admin
[2023-03-24T11:54:38.299] [DEBUG] cheese - null
[2023-03-24T11:54:38.300] [DEBUG] cheese - null
[2023-03-24T11:56:23.983] [DEBUG] cheese - login => username:admin,password:123456
[2023-03-24T11:56:23.984] [DEBUG] cheese - admin
[2023-03-24T11:56:23.988] [DEBUG] cheese - null
[2023-03-24T11:56:23.988] [DEBUG] cheese - null
[2023-03-24T11:58:59.380] [DEBUG] cheese - login => username:admin,password:123456
[2023-03-24T11:58:59.380] [DEBUG] cheese - admin
[2023-03-24T11:58:59.394] [DEBUG] cheese - null
[2023-03-24T11:58:59.394] [DEBUG] cheese - null
[2023-03-24T12:35:47.340] [DEBUG] cheese - login => username:admin,password:123456
[2023-03-24T12:35:47.341] [DEBUG] cheese - admin
[2023-03-24T12:35:47.352] [DEBUG] cheese - null
[2023-03-24T12:35:47.352] [DEBUG] cheese - null
[2023-03-24T12:53:47.153] [DEBUG] cheese - login => username:admin,password:123456
[2023-03-24T12:53:47.153] [DEBUG] cheese - admin
[2023-03-24T12:53:47.166] [DEBUG] cheese - null
[2023-03-24T12:53:47.166] [DEBUG] cheese - null
[2023-03-24T12:59:29.873] [DEBUG] cheese - login => username:admin,password:123456
[2023-03-24T12:59:29.873] [DEBUG] cheese - admin
[2023-03-24T12:59:29.881] [DEBUG] cheese - null
[2023-03-24T12:59:29.881] [DEBUG] cheese - null
[2023-03-24T13:00:44.097] [DEBUG] cheese - login => username:admin,password:123456
[2023-03-24T13:00:44.097] [DEBUG] cheese - admin
[2023-03-24T13:00:44.104] [DEBUG] cheese - null
[2023-03-24T13:00:44.104] [DEBUG] cheese - null
[2023-03-24T13:03:50.375] [DEBUG] cheese - login => username:admin,password:123456
[2023-03-24T13:03:50.375] [DEBUG] cheese - admin
[2023-03-24T13:03:50.380] [DEBUG] cheese - null
[2023-03-24T13:03:50.380] [DEBUG] cheese - null
[2023-03-24T13:10:43.323] [DEBUG] cheese - login => username:admin,password:123456
[2023-03-24T13:10:43.323] [DEBUG] cheese - admin
[2023-03-24T13:10:43.332] [DEBUG] cheese - null
[2023-03-24T13:10:43.332] [DEBUG] cheese - null
[2023-03-24T13:12:48.412] [DEBUG] cheese - login => username:admin,password:123456
[2023-03-24T13:12:48.412] [DEBUG] cheese - admin
[2023-03-24T13:12:48.415] [DEBUG] cheese - null
[2023-03-24T13:12:48.415] [DEBUG] cheese - null
[2023-03-24T13:15:33.739] [DEBUG] cheese - login => username:admin,password:123456
[2023-03-24T13:15:33.739] [DEBUG] cheese - admin
[2023-03-24T13:15:33.743] [DEBUG] cheese - null
[2023-03-24T13:15:33.743] [DEBUG] cheese - null
[2023-03-24T13:17:06.765] [DEBUG] cheese - login => username:admin,password:123456
[2023-03-24T13:17:06.765] [DEBUG] cheese - admin
[2023-03-24T13:17:06.770] [DEBUG] cheese - null
[2023-03-24T13:17:06.770] [DEBUG] cheese - null
[2023-03-24T13:20:30.188] [DEBUG] cheese - login => username:admin,password:123456
[2023-03-24T13:20:30.189] [DEBUG] cheese - admin
[2023-03-24T13:20:30.198] [DEBUG] cheese - null
[2023-03-24T13:20:30.198] [DEBUG] cheese - null
[2023-03-24T13:25:02.789] [DEBUG] cheese - login => username:admin,password:123456
[2023-03-24T13:25:02.790] [DEBUG] cheese - admin
[2023-03-24T13:25:02.798] [DEBUG] cheese - null
[2023-03-24T13:25:02.799] [DEBUG] cheese - null
[2023-03-24T13:32:37.768] [DEBUG] cheese - login => username:admin,password:123456
[2023-03-24T13:32:37.768] [DEBUG] cheese - admin
[2023-03-24T13:32:37.773] [DEBUG] cheese - null
[2023-03-24T13:32:37.773] [DEBUG] cheese - null
[2023-03-24T13:50:01.940] [DEBUG] cheese - login => username:admin,password:123456
[2023-03-24T13:50:01.943] [DEBUG] cheese - admin
[2023-03-24T13:50:01.980] [DEBUG] cheese - null
[2023-03-24T13:50:01.980] [DEBUG] cheese - null
[2023-03-24T13:51:45.440] [DEBUG] cheese - login => username:admin,password:123456
[2023-03-24T13:51:45.440] [DEBUG] cheese - admin
[2023-03-24T13:51:45.444] [DEBUG] cheese - null
[2023-03-24T13:51:45.444] [DEBUG] cheese - null
[2023-03-24T13:51:56.164] [DEBUG] cheese - login => username:admin1,password:123456
[2023-03-24T13:51:56.164] [DEBUG] cheese - admin1
[2023-03-24T13:51:56.170] [DEBUG] cheese - null
[2023-03-24T13:51:56.170] [DEBUG] cheese - null
[2023-03-24T13:55:32.120] [DEBUG] cheese - login => username:admin,password:123456
[2023-03-24T13:55:32.121] [DEBUG] cheese - admin
[2023-03-24T13:55:32.131] [DEBUG] cheese - null
[2023-03-24T13:55:32.131] [DEBUG] cheese - null
[2023-03-24T13:56:16.607] [DEBUG] cheese - login => username:admin,password:123456
[2023-03-24T13:56:16.607] [DEBUG] cheese - admin
[2023-03-24T13:56:16.612] [DEBUG] cheese - null
[2023-03-24T13:56:16.613] [DEBUG] cheese - null
[2023-03-24T13:56:19.801] [DEBUG] cheese - login => username:admin,password:123456
[2023-03-24T13:56:19.801] [DEBUG] cheese - admin
[2023-03-24T13:56:19.805] [DEBUG] cheese - null
[2023-03-24T13:56:19.805] [DEBUG] cheese - null
[2023-03-24T13:56:58.880] [DEBUG] cheese - login => username:admin,password:123456
[2023-03-24T13:56:58.880] [DEBUG] cheese - admin
[2023-03-24T13:56:58.891] [DEBUG] cheese - null
[2023-03-24T13:56:58.891] [DEBUG] cheese - null
[2023-03-24T13:58:21.306] [DEBUG] cheese - login => username:admin,password:123456
[2023-03-24T13:58:21.306] [DEBUG] cheese - admin
[2023-03-24T13:58:21.309] [DEBUG] cheese - null
[2023-03-24T13:58:21.309] [DEBUG] cheese - null
[2023-03-24T13:58:40.856] [DEBUG] cheese - login => username:admin,password:123456
[2023-03-24T13:58:40.856] [DEBUG] cheese - admin
[2023-03-24T13:58:40.859] [DEBUG] cheese - null
[2023-03-24T13:58:40.860] [DEBUG] cheese - null
[2023-03-24T14:01:03.503] [DEBUG] cheese - login => username:admin,password:123456
[2023-03-24T14:01:03.503] [DEBUG] cheese - admin
[2023-03-24T14:01:03.508] [DEBUG] cheese - null
[2023-03-24T14:01:03.508] [DEBUG] cheese - null
[2023-03-24T14:11:14.016] [DEBUG] cheese - login => username:admin,password:123456
[2023-03-24T14:11:14.016] [DEBUG] cheese - admin
[2023-03-24T14:11:14.030] [DEBUG] cheese - null
[2023-03-24T14:11:14.031] [DEBUG] cheese - null
[2023-03-24T14:11:23.727] [DEBUG] cheese - login => username:admin,password:123456
[2023-03-24T14:11:23.727] [DEBUG] cheese - admin
[2023-03-24T14:11:23.730] [DEBUG] cheese - null
[2023-03-24T14:11:23.731] [DEBUG] cheese - null
[2023-03-24T14:12:03.874] [DEBUG] cheese - login => username:admin,password:123456
[2023-03-24T14:12:03.874] [DEBUG] cheese - admin
[2023-03-24T14:12:03.879] [DEBUG] cheese - null
[2023-03-24T14:12:03.879] [DEBUG] cheese - null
[2023-03-24T14:13:49.514] [DEBUG] cheese - login => username:admin,password:123456
[2023-03-24T14:13:49.515] [DEBUG] cheese - admin
[2023-03-24T14:13:49.523] [DEBUG] cheese - null
[2023-03-24T14:13:49.523] [DEBUG] cheese - null
[2023-03-24T14:14:39.950] [DEBUG] cheese - login => username:admin,password:123456
[2023-03-24T14:14:39.951] [DEBUG] cheese - admin
[2023-03-24T14:14:39.954] [DEBUG] cheese - null
[2023-03-24T14:14:39.954] [DEBUG] cheese - null
[2023-03-24T14:15:09.619] [DEBUG] cheese - login => username:admin,password:123456
[2023-03-24T14:15:09.619] [DEBUG] cheese - admin
[2023-03-24T14:15:09.623] [DEBUG] cheese - null
[2023-03-24T14:15:09.624] [DEBUG] cheese - null
[2023-03-24T14:19:31.040] [DEBUG] cheese - login => username:admin,password:123456
[2023-03-24T14:19:31.041] [DEBUG] cheese - admin
[2023-03-24T14:19:31.046] [DEBUG] cheese - null
[2023-03-24T14:19:31.046] [DEBUG] cheese - null
[2023-03-24T14:20:45.981] [DEBUG] cheese - login => username:admin,password:123456
[2023-03-24T14:20:45.981] [DEBUG] cheese - admin
[2023-03-24T14:20:45.983] [DEBUG] cheese - null
[2023-03-24T14:20:45.984] [DEBUG] cheese - null
[2023-03-24T14:26:14.448] [DEBUG] cheese - login => username:admin,password:123456
[2023-03-24T14:26:14.448] [DEBUG] cheese - admin
[2023-03-24T14:26:14.457] [DEBUG] cheese - null
[2023-03-24T14:26:14.457] [DEBUG] cheese - null
[2023-03-24T14:27:14.738] [DEBUG] cheese - login => username:admin,password:123456
[2023-03-24T14:27:14.738] [DEBUG] cheese - admin
[2023-03-24T14:27:14.739] [DEBUG] cheese - null
[2023-03-24T14:27:14.740] [DEBUG] cheese - null
[2023-03-24T14:46:51.184] [DEBUG] cheese - login => username:admin,password:123456
[2023-03-24T14:46:51.184] [DEBUG] cheese - admin
[2023-03-24T14:46:51.193] [DEBUG] cheese - null
[2023-03-24T14:46:51.193] [DEBUG] cheese - null
[2023-03-24T14:57:24.412] [DEBUG] cheese - login => username:admin,password:123456
[2023-03-24T14:57:24.413] [DEBUG] cheese - admin
[2023-03-24T14:57:24.420] [DEBUG] cheese - null
[2023-03-24T14:57:24.421] [DEBUG] cheese - null
[2023-03-24T14:58:14.629] [DEBUG] cheese - login => username:admin,password:123456
[2023-03-24T14:58:14.630] [DEBUG] cheese - admin
[2023-03-24T14:58:14.632] [DEBUG] cheese - null
[2023-03-24T14:58:14.632] [DEBUG] cheese - null
[2023-03-24T15:00:36.530] [DEBUG] cheese - login => username:admin,password:123456
[2023-03-24T15:00:36.530] [DEBUG] cheese - admin
[2023-03-24T15:00:36.538] [DEBUG] cheese - null
[2023-03-24T15:00:36.538] [DEBUG] cheese - null
[2023-03-27T13:19:37.638] [DEBUG] cheese - login => username:admin,password:123456
[2023-03-27T13:19:37.643] [DEBUG] cheese - admin
[2023-03-27T13:19:37.714] [DEBUG] cheese - null
[2023-03-27T13:19:37.716] [DEBUG] cheese - null
[2023-03-29T08:54:22.388] [DEBUG] cheese - login => username:admin,password:123456
[2023-03-29T08:54:22.394] [DEBUG] cheese - admin
[2023-03-29T08:54:22.474] [DEBUG] cheese - null
[2023-03-29T08:54:22.476] [DEBUG] cheese - null
[2023-03-31T08:47:05.554] [DEBUG] cheese - login => username:admin,password:123456
[2023-03-31T08:47:05.556] [DEBUG] cheese - admin
[2023-03-31T08:47:05.615] [DEBUG] cheese - null
[2023-03-31T08:47:05.616] [DEBUG] cheese - null
[2023-03-31T13:01:54.875] [DEBUG] cheese - login => username:admin,password:123456
[2023-03-31T13:01:54.876] [DEBUG] cheese - admin
[2023-03-31T13:01:54.922] [DEBUG] cheese - null
[2023-03-31T13:01:54.923] [DEBUG] cheese - null
[2023-03-31T18:35:37.581] [DEBUG] cheese - login => username:admin,password:123456
[2023-03-31T18:35:37.583] [DEBUG] cheese - admin
[2023-03-31T18:35:37.620] [DEBUG] cheese - null
[2023-03-31T18:35:37.620] [DEBUG] cheese - null
[2023-04-01T12:37:12.340] [DEBUG] cheese - login => username:admin,password:123456
[2023-04-01T12:37:12.343] [DEBUG] cheese - admin
[2023-04-01T12:37:12.366] [DEBUG] cheese - null
[2023-04-01T12:37:12.366] [DEBUG] cheese - null
[2023-04-02T12:57:46.021] [DEBUG] cheese - login => username:admin,password:123456
[2023-04-02T12:57:46.024] [DEBUG] cheese - admin
[2023-04-02T12:57:46.070] [DEBUG] cheese - null
[2023-04-02T12:57:46.071] [DEBUG] cheese - null
[2023-04-02T12:58:16.575] [DEBUG] cheese - login => username:admin1,password:1234561
[2023-04-02T12:58:16.575] [DEBUG] cheese - admin1
[2023-04-02T12:58:16.580] [DEBUG] cheese - null
[2023-04-02T12:58:16.580] [DEBUG] cheese - null
[2023-04-02T12:58:20.886] [DEBUG] cheese - login => username:admin,password:123456
[2023-04-02T12:58:20.886] [DEBUG] cheese - admin
[2023-04-02T12:58:20.891] [DEBUG] cheese - null
[2023-04-02T12:58:20.891] [DEBUG] cheese - null
[2023-04-02T12:59:37.636] [DEBUG] cheese - login => username:admin1,password:admin1
[2023-04-02T12:59:37.636] [DEBUG] cheese - admin1
[2023-04-02T12:59:37.640] [DEBUG] cheese - null
[2023-04-02T12:59:37.640] [DEBUG] cheese - null
[2023-04-02T12:59:38.510] [DEBUG] cheese - login => username:admin1,password:admin1
[2023-04-02T12:59:38.510] [DEBUG] cheese - admin1
[2023-04-02T12:59:38.516] [DEBUG] cheese - null
[2023-04-02T12:59:38.516] [DEBUG] cheese - null
[2023-04-02T12:59:46.391] [DEBUG] cheese - login => username:admin,password:123456
[2023-04-02T12:59:46.392] [DEBUG] cheese - admin
[2023-04-02T12:59:46.395] [DEBUG] cheese - null
[2023-04-02T12:59:46.395] [DEBUG] cheese - null
[2023-04-02T13:35:34.490] [DEBUG] cheese - login => username:admin,password:123456
[2023-04-02T13:35:34.492] [DEBUG] cheese - admin
[2023-04-02T13:35:34.498] [DEBUG] cheese - null
[2023-04-02T13:35:34.498] [DEBUG] cheese - null
[2023-04-02T13:56:00.821] [DEBUG] cheese - null
[2023-04-02T14:01:19.258] [DEBUG] cheese - null
[2023-04-02T14:04:32.498] [DEBUG] cheese - null
[2023-04-02T14:05:15.743] [DEBUG] cheese - null
[2023-04-02T14:05:20.685] [DEBUG] cheese - null
[2023-04-02T15:10:59.922] [DEBUG] cheese - login => username:admin,password:123456
[2023-04-02T15:10:59.922] [DEBUG] cheese - admin
[2023-04-02T15:10:59.928] [DEBUG] cheese - null
[2023-04-02T15:10:59.928] [DEBUG] cheese - null
[2023-04-02T16:07:14.365] [DEBUG] cheese - null
[2023-04-03T13:15:21.381] [DEBUG] cheese - login => username:admin,password:123456
[2023-04-03T13:15:21.383] [DEBUG] cheese - admin
[2023-04-03T13:15:21.412] [DEBUG] cheese - null
[2023-04-03T13:15:21.412] [DEBUG] cheese - null
[2023-04-03T13:15:48.232] [DEBUG] cheese - null
[2023-04-03T15:19:57.639] [DEBUG] cheese - login => username:admin,password:123456
[2023-04-03T15:19:57.647] [DEBUG] cheese - admin
[2023-04-03T15:19:57.667] [DEBUG] cheese - null
[2023-04-03T15:19:57.669] [DEBUG] cheese - null
[2023-04-03T15:40:33.269] [DEBUG] cheese - login => username:admin,password:123456
[2023-04-03T15:40:33.272] [DEBUG] cheese - admin
[2023-04-03T15:40:33.287] [DEBUG] cheese - null
[2023-04-03T15:40:33.289] [DEBUG] cheese - null
[2023-04-03T15:50:52.130] [DEBUG] cheese - login => username:admin,password:123456
[2023-04-03T15:50:52.132] [DEBUG] cheese - admin
[2023-04-03T15:50:52.145] [DEBUG] cheese - null
[2023-04-03T15:50:52.146] [DEBUG] cheese - null
[2023-04-03T15:50:54.665] [DEBUG] cheese - login => username:admin,password:123456
[2023-04-03T15:50:54.666] [DEBUG] cheese - admin
[2023-04-03T15:50:54.670] [DEBUG] cheese - null
[2023-04-03T15:50:54.671] [DEBUG] cheese - null
[2023-04-04T13:14:41.653] [DEBUG] cheese - login => username:admin,password:123456
[2023-04-04T13:14:41.655] [DEBUG] cheese - admin
[2023-04-04T13:14:41.699] [DEBUG] cheese - null
[2023-04-04T13:14:41.700] [DEBUG] cheese - null
[2023-04-04T14:12:00.124] [DEBUG] cheese - login => username:admin,password:123456
[2023-04-04T14:12:00.127] [DEBUG] cheese - admin
[2023-04-04T14:12:00.148] [DEBUG] cheese - null
[2023-04-04T14:12:00.150] [DEBUG] cheese - null
[2023-04-04T15:29:13.636] [DEBUG] cheese - login => username:admin,password:123456
[2023-04-04T15:29:13.638] [DEBUG] cheese - admin
[2023-04-04T15:29:13.649] [DEBUG] cheese - null
[2023-04-04T15:29:13.649] [DEBUG] cheese - null
[2023-04-04T17:31:28.547] [DEBUG] cheese - login => username:admin,password:123456
[2023-04-04T17:31:28.548] [DEBUG] cheese - admin
[2023-04-04T17:31:28.571] [DEBUG] cheese - null
[2023-04-04T17:31:28.572] [DEBUG] cheese - null
[2023-04-04T21:37:11.038] [DEBUG] cheese - login => username:admin,password:123456
[2023-04-04T21:37:11.040] [DEBUG] cheese - admin
[2023-04-04T21:37:11.089] [DEBUG] cheese - null
[2023-04-04T21:37:11.089] [DEBUG] cheese - null
[2023-04-04T22:25:04.773] [DEBUG] cheese - login => username:admin,password:123456
[2023-04-04T22:25:04.775] [DEBUG] cheese - admin
[2023-04-04T22:25:04.785] [DEBUG] cheese - null
[2023-04-04T22:25:04.786] [DEBUG] cheese - null
[2023-04-04T22:42:48.096] [DEBUG] cheese - login => username:admin,password:123456
[2023-04-04T22:42:48.097] [DEBUG] cheese - admin
[2023-04-04T22:42:48.102] [DEBUG] cheese - null
[2023-04-04T22:42:48.103] [DEBUG] cheese - null
[2023-04-05T12:47:07.789] [DEBUG] cheese - login => username:admin,password:123456
[2023-04-05T12:47:07.793] [DEBUG] cheese - admin
[2023-04-05T12:47:07.854] [DEBUG] cheese - null
[2023-04-05T12:47:07.856] [DEBUG] cheese - null
[2023-04-05T15:14:29.972] [DEBUG] cheese - login => username:admin,password:123456
[2023-04-05T15:14:29.974] [DEBUG] cheese - admin
[2023-04-05T15:14:30.016] [DEBUG] cheese - null
[2023-04-05T15:14:30.017] [DEBUG] cheese - null
[2023-04-05T19:24:00.977] [DEBUG] cheese - login => username:admin,password:123456
[2023-04-05T19:24:00.980] [DEBUG] cheese - admin
[2023-04-05T19:24:01.007] [DEBUG] cheese - null
[2023-04-05T19:24:01.007] [DEBUG] cheese - null
[2023-04-07T08:42:46.818] [DEBUG] cheese - login => username:admin,password:123456
[2023-04-07T08:42:46.822] [DEBUG] cheese - admin
[2023-04-07T08:42:46.886] [DEBUG] cheese - null
[2023-04-07T08:42:46.888] [DEBUG] cheese - null
[2023-04-08T13:58:03.441] [DEBUG] cheese - login => username:admin,password:123456
[2023-04-08T13:58:03.447] [DEBUG] cheese - admin
[2023-04-08T13:58:03.501] [DEBUG] cheese - null
[2023-04-08T13:58:03.502] [DEBUG] cheese - null
[2023-04-08T21:09:38.990] [DEBUG] cheese - null
[2023-04-08T22:49:28.359] [DEBUG] cheese - login => username:admin,password:123456
[2023-04-08T22:49:28.361] [DEBUG] cheese - admin
[2023-04-08T22:49:28.384] [DEBUG] cheese - null
[2023-04-08T22:49:28.384] [DEBUG] cheese - null
[2023-04-09T13:26:31.339] [DEBUG] cheese - login => username:admin,password:123456
[2023-04-09T13:26:31.342] [DEBUG] cheese - admin
[2023-04-09T13:26:31.393] [DEBUG] cheese - null
[2023-04-09T13:26:31.393] [DEBUG] cheese - null
[2023-04-09T14:00:16.653] [DEBUG] cheese - login => username:admin,password:123456
[2023-04-09T14:00:16.658] [DEBUG] cheese - admin
[2023-04-09T14:00:16.686] [DEBUG] cheese - null
[2023-04-09T14:00:16.688] [DEBUG] cheese - null
[2023-04-09T14:15:37.172] [DEBUG] cheese - login => username:admin,password:123456
[2023-04-09T14:15:37.172] [DEBUG] cheese - admin
[2023-04-09T14:15:37.182] [DEBUG] cheese - null
[2023-04-09T14:15:37.182] [DEBUG] cheese - null
[2023-04-09T14:51:15.426] [DEBUG] cheese - login => username:admin,password:123456
[2023-04-09T14:51:15.428] [DEBUG] cheese - admin
[2023-04-09T14:51:15.463] [DEBUG] cheese - null
[2023-04-09T14:51:15.464] [DEBUG] cheese - null
[2023-04-09T14:52:16.244] [DEBUG] cheese - login => username:admin,password:123456
[2023-04-09T14:52:16.246] [DEBUG] cheese - admin
[2023-04-09T14:52:16.249] [DEBUG] cheese - null
[2023-04-09T14:52:16.250] [DEBUG] cheese - null
[2023-04-09T14:52:29.506] [DEBUG] cheese - login => username:admin,password:123456
[2023-04-09T14:52:29.506] [DEBUG] cheese - admin
[2023-04-09T14:52:29.508] [DEBUG] cheese - null
[2023-04-09T14:52:29.509] [DEBUG] cheese - null
[2023-04-09T14:54:05.756] [DEBUG] cheese - login => username:admin,password:123456
[2023-04-09T14:54:05.758] [DEBUG] cheese - admin
[2023-04-09T14:54:05.781] [DEBUG] cheese - null
[2023-04-09T14:54:05.784] [DEBUG] cheese - null
[2023-04-09T14:57:26.491] [DEBUG] cheese - login => username:admin,password:123456
[2023-04-09T14:57:26.491] [DEBUG] cheese - admin
[2023-04-09T14:57:26.500] [DEBUG] cheese - null
[2023-04-09T14:57:26.500] [DEBUG] cheese - null
[2023-04-09T14:59:56.736] [DEBUG] cheese - login => username:admin,password:123456
[2023-04-09T14:59:56.736] [DEBUG] cheese - admin
[2023-04-09T14:59:56.748] [DEBUG] cheese - null
[2023-04-09T14:59:56.748] [DEBUG] cheese - null
[2023-04-09T15:04:53.276] [DEBUG] cheese - login => username:admin,password:123456
[2023-04-09T15:04:53.277] [DEBUG] cheese - admin
[2023-04-09T15:04:53.293] [DEBUG] cheese - null
[2023-04-09T15:04:53.294] [DEBUG] cheese - null
[2023-04-10T12:19:45.055] [DEBUG] cheese - login => username:admin,password:123456
[2023-04-10T12:19:45.059] [DEBUG] cheese - admin
[2023-04-10T12:19:45.082] [DEBUG] cheese - null
[2023-04-10T12:19:45.082] [DEBUG] cheese - null
